-------------------------------------------------------------------------------
Test set: TestSuite
-------------------------------------------------------------------------------
Tests run: 18, Failures: 6, Errors: 0, Skipped: 12, Time elapsed: 9.163 s <<< FAILURE! - in TestSuite
LaunchBrowser(Test.LoginPageTest)  Time elapsed: 6.464 s  <<< FAILURE!
org.openqa.selenium.SessionNotCreatedException: 
Could not start a new session. Response code 400. Message: Looks like browser capability is missing, please refer to capability generator https://www.lambdatest.com/capabilities-generator or contact support
Build info: version: '4.0.0', revision: '3a21814679'
System info: host: 'DESKTOP-UJGO4L7', ip: '192.168.99.85', os.name: 'Windows 10', os.arch: 'amd64', os.version: '10.0', java.version: '1.8.0_231'
Driver info: org.openqa.selenium.remote.RemoteWebDriver
Command: [null, newSession {capabilities=[Capabilities {platformName: win10}], desiredCapabilities=Capabilities {BrowserName: Chrome, build: First Test, console: true, name: Sample Test, network: true, platform: WIN10, resolution: 1024x768, version: 92.0, video: true, visual: true}}]
Capabilities {}

LaunchBrowser(Test.FormPageTest)  Time elapsed: 0.543 s  <<< FAILURE!
org.openqa.selenium.SessionNotCreatedException: 
Could not start a new session. Response code 400. Message: Looks like browser capability is missing, please refer to capability generator https://www.lambdatest.com/capabilities-generator or contact support
Build info: version: '4.0.0', revision: '3a21814679'
System info: host: 'DESKTOP-UJGO4L7', ip: '192.168.99.85', os.name: 'Windows 10', os.arch: 'amd64', os.version: '10.0', java.version: '1.8.0_231'
Driver info: org.openqa.selenium.remote.RemoteWebDriver
Command: [null, newSession {capabilities=[Capabilities {platformName: win10}], desiredCapabilities=Capabilities {BrowserName: Chrome, build: First Test, console: true, name: Sample Test, network: true, platform: WIN10, resolution: 1024x768, version: 92.0, video: true, visual: true}}]
Capabilities {}

LaunchBrowser(Test.LoginPageTest)  Time elapsed: 0.566 s  <<< FAILURE!
org.openqa.selenium.SessionNotCreatedException: 
Could not start a new session. Response code 400. Message: Looks like browser capability is missing, please refer to capability generator https://www.lambdatest.com/capabilities-generator or contact support
Build info: version: '4.0.0', revision: '3a21814679'
System info: host: 'DESKTOP-UJGO4L7', ip: '192.168.99.85', os.name: 'Windows 10', os.arch: 'amd64', os.version: '10.0', java.version: '1.8.0_231'
Driver info: org.openqa.selenium.remote.RemoteWebDriver
Command: [null, newSession {capabilities=[Capabilities {platformName: win10}], desiredCapabilities=Capabilities {BrowserName: Chrome, build: First Test, console: true, name: Sample Test, network: true, platform: WIN10, resolution: 1024x768, version: 92.0, video: true, visual: true}}]
Capabilities {}

LaunchBrowser(Test.FormPageTest)  Time elapsed: 0.384 s  <<< FAILURE!
org.openqa.selenium.SessionNotCreatedException: 
Could not start a new session. Response code 400. Message: Looks like browser capability is missing, please refer to capability generator https://www.lambdatest.com/capabilities-generator or contact support
Build info: version: '4.0.0', revision: '3a21814679'
System info: host: 'DESKTOP-UJGO4L7', ip: '192.168.99.85', os.name: 'Windows 10', os.arch: 'amd64', os.version: '10.0', java.version: '1.8.0_231'
Driver info: org.openqa.selenium.remote.RemoteWebDriver
Command: [null, newSession {capabilities=[Capabilities {platformName: win10}], desiredCapabilities=Capabilities {BrowserName: Chrome, build: First Test, console: true, name: Sample Test, network: true, platform: WIN10, resolution: 1024x768, version: 92.0, video: true, visual: true}}]
Capabilities {}

LaunchBrowser(Test.LoginPageTest)  Time elapsed: 0.456 s  <<< FAILURE!
org.openqa.selenium.SessionNotCreatedException: 
Could not start a new session. Response code 400. Message: Looks like browser capability is missing, please refer to capability generator https://www.lambdatest.com/capabilities-generator or contact support
Build info: version: '4.0.0', revision: '3a21814679'
System info: host: 'DESKTOP-UJGO4L7', ip: '192.168.99.85', os.name: 'Windows 10', os.arch: 'amd64', os.version: '10.0', java.version: '1.8.0_231'
Driver info: org.openqa.selenium.remote.RemoteWebDriver
Command: [null, newSession {capabilities=[Capabilities {platformName: win10}], desiredCapabilities=Capabilities {BrowserName: Chrome, build: First Test, console: true, name: Sample Test, network: true, platform: WIN10, resolution: 1024x768, version: 92.0, video: true, visual: true}}]
Capabilities {}

LaunchBrowser(Test.FormPageTest)  Time elapsed: 0.597 s  <<< FAILURE!
org.openqa.selenium.SessionNotCreatedException: 
Could not start a new session. Response code 400. Message: Looks like browser capability is missing, please refer to capability generator https://www.lambdatest.com/capabilities-generator or contact support
Build info: version: '4.0.0', revision: '3a21814679'
System info: host: 'DESKTOP-UJGO4L7', ip: '192.168.99.85', os.name: 'Windows 10', os.arch: 'amd64', os.version: '10.0', java.version: '1.8.0_231'
Driver info: org.openqa.selenium.remote.RemoteWebDriver
Command: [null, newSession {capabilities=[Capabilities {platformName: win10}], desiredCapabilities=Capabilities {BrowserName: Chrome, build: First Test, console: true, name: Sample Test, network: true, platform: WIN10, resolution: 1024x768, version: 92.0, video: true, visual: true}}]
Capabilities {}

